d:\all_code\assignment_dsa\assignment_dsa\debug\vc142.pdb
d:\all_code\assignment_dsa\assignment_dsa\debug\vc142.idb
d:\all_code\assignment_dsa\assignment_dsa\debug\ques_02_f_part.obj
d:\all_code\assignment_dsa\assignment_dsa\debug\ques_02_d_part.obj
d:\all_code\assignment_dsa\assignment_dsa\debug\question_02.obj
d:\all_code\assignment_dsa\assignment_dsa\debug\question_01.obj
d:\all_code\assignment_dsa\assignment_dsa\debug\min_heap.obj
d:\all_code\assignment_dsa\assignment_dsa\debug\max_heap.obj
d:\all_code\assignment_dsa\assignment_dsa\debug\expression_tree.obj
d:\all_code\assignment_dsa\assignment_dsa\debug\bt_implementation.obj
d:\all_code\assignment_dsa\assignment_dsa\debug\bt.obj
d:\all_code\assignment_dsa\assignment_dsa\debug\bst_implementation.obj
d:\all_code\assignment_dsa\assignment_dsa\debug\bst.obj
d:\all_code\assignment_dsa\assignment_dsa\debug\avltree.obj
d:\all_code\assignment_dsa\debug\assignment_dsa.exe
d:\all_code\assignment_dsa\assignment_dsa\debug\assignment_dsa.ilk
d:\all_code\assignment_dsa\debug\assignment_dsa.pdb
d:\all_code\assignment_dsa\assignment_dsa\debug\assignment_dsa.tlog\cl.command.1.tlog
d:\all_code\assignment_dsa\assignment_dsa\debug\assignment_dsa.tlog\cl.read.1.tlog
d:\all_code\assignment_dsa\assignment_dsa\debug\assignment_dsa.tlog\cl.write.1.tlog
d:\all_code\assignment_dsa\assignment_dsa\debug\assignment_dsa.tlog\link.command.1.tlog
d:\all_code\assignment_dsa\assignment_dsa\debug\assignment_dsa.tlog\link.read.1.tlog
d:\all_code\assignment_dsa\assignment_dsa\debug\assignment_dsa.tlog\link.write.1.tlog
